<?xml version="1.0" encoding="UTF-8"?>
<testng-results ignored="0" total="1" passed="1" failed="0" skipped="0">
  <reporter-output>
  </reporter-output>
  <suite started-at="2023-03-17T19:06:55 IST" name="Default suite" finished-at="2023-03-17T19:07:03 IST" duration-ms="7826">
    <groups>
    </groups>
    <test started-at="2023-03-17T19:06:55 IST" name="Default test" finished-at="2023-03-17T19:07:03 IST" duration-ms="7826">
      <class name="com.learnautomation.testcases.TestCasewithoutFramework">
        <test-method signature="testcase1()[pri:0, instance:com.learnautomation.testcases.TestCasewithoutFramework@625732]" started-at="2023-03-17T19:06:55 IST" name="testcase1" finished-at="2023-03-17T19:07:03 IST" duration-ms="7794" status="PASS">
          <reporter-output>
          </reporter-output>
        </test-method> <!-- testcase1 -->
      </class> <!-- com.learnautomation.testcases.TestCasewithoutFramework -->
    </test> <!-- Default test -->
  </suite> <!-- Default suite -->
</testng-results>
